<?xml version="1.0" encoding="UTF-8"?>
<testsuites>
  <testsuite name="CLI Arguments" tests="41" assertions="74" errors="0" failures="0" skipped="0" time="0.991857">
    <testsuite name="Tests\Feature\GuestCartTest" file="tests/Feature/GuestCartTest.php" tests="4" assertions="10" errors="0" failures="0" skipped="0" time="0.349147">
      <testcase name="guest can add a product to the session cart" file="tests/Feature/GuestCartTest.php::guest can add a product to the session cart" class="Tests\Feature\GuestCartTest" classname="Tests.Feature.GuestCartTest" assertions="3" time="0.297132"/>
      <testcase name="guest session cart persists across requests" file="tests/Feature/GuestCartTest.php::guest session cart persists across requests" class="Tests\Feature\GuestCartTest" classname="Tests.Feature.GuestCartTest" assertions="2" time="0.021485"/>
      <testcase name="guest can add multiple products to the session cart" file="tests/Feature/GuestCartTest.php::guest can add multiple products to the session cart" class="Tests\Feature\GuestCartTest" classname="Tests.Feature.GuestCartTest" assertions="3" time="0.017601"/>
      <testcase name="guest cart is empty by default" file="tests/Feature/GuestCartTest.php::guest cart is empty by default" class="Tests\Feature\GuestCartTest" classname="Tests.Feature.GuestCartTest" assertions="2" time="0.012929"/>
    </testsuite>
    <testsuite name="Tests\Feature\OrderPlacementTest" file="tests/Feature/OrderPlacementTest.php" tests="2" assertions="6" errors="0" failures="0" skipped="0" time="0.033597">
      <testcase name="authenticated user can place an order with pending status" file="tests/Feature/OrderPlacementTest.php::authenticated user can place an order with pending status" class="Tests\Feature\OrderPlacementTest" classname="Tests.Feature.OrderPlacementTest" assertions="5" time="0.023448"/>
      <testcase name="order items are created with correct snapshot data" file="tests/Feature/OrderPlacementTest.php::order items are created with correct snapshot data" class="Tests\Feature\OrderPlacementTest" classname="Tests.Feature.OrderPlacementTest" assertions="1" time="0.010149"/>
    </testsuite>
    <testsuite name="Tests\Feature\OrderPolicyTest" file="tests/Feature/OrderPolicyTest.php" tests="6" assertions="9" errors="0" failures="0" skipped="0" time="0.084302">
      <testcase name="user can view their own order via policy" file="tests/Feature/OrderPolicyTest.php::user can view their own order via policy" class="Tests\Feature\OrderPolicyTest" classname="Tests.Feature.OrderPolicyTest" assertions="1" time="0.010741"/>
      <testcase name="user cannot view another users order via policy" file="tests/Feature/OrderPolicyTest.php::user cannot view another users order via policy" class="Tests\Feature\OrderPolicyTest" classname="Tests.Feature.OrderPolicyTest" assertions="1" time="0.009097"/>
      <testcase name="admin can view any order via policy" file="tests/Feature/OrderPolicyTest.php::admin can view any order via policy" class="Tests\Feature\OrderPolicyTest" classname="Tests.Feature.OrderPolicyTest" assertions="1" time="0.009793"/>
      <testcase name="user can see their own orders on the my-orders page" file="tests/Feature/OrderPolicyTest.php::user can see their own orders on the my-orders page" class="Tests\Feature\OrderPolicyTest" classname="Tests.Feature.OrderPolicyTest" assertions="2" time="0.027270"/>
      <testcase name="user cannot see orders of another user on the my-orders page" file="tests/Feature/OrderPolicyTest.php::user cannot see orders of another user on the my-orders page" class="Tests\Feature\OrderPolicyTest" classname="Tests.Feature.OrderPolicyTest" assertions="2" time="0.019170"/>
      <testcase name="only admin can view all orders via viewAny policy" file="tests/Feature/OrderPolicyTest.php::only admin can view all orders via viewAny policy" class="Tests\Feature\OrderPolicyTest" classname="Tests.Feature.OrderPolicyTest" assertions="2" time="0.008231"/>
    </testsuite>
    <testsuite name="Tests\Feature\AdminRouteProtectionTest" file="tests/Feature/AdminRouteProtectionTest.php" tests="12" assertions="13" errors="0" failures="0" skipped="0" time="0.322988">
      <testcase name="guest is redirected to login for admin dashboard" file="tests/Feature/AdminRouteProtectionTest.php::guest is redirected to login for admin dashboard" class="Tests\Feature\AdminRouteProtectionTest" classname="Tests.Feature.AdminRouteProtectionTest" assertions="2" time="0.012293"/>
      <testcase name="non-admin user gets 403 on admin dashboard" file="tests/Feature/AdminRouteProtectionTest.php::non-admin user gets 403 on admin dashboard" class="Tests\Feature\AdminRouteProtectionTest" classname="Tests.Feature.AdminRouteProtectionTest" assertions="1" time="0.012741"/>
      <testcase name="admin user can access the dashboard" file="tests/Feature/AdminRouteProtectionTest.php::admin user can access the dashboard" class="Tests\Feature\AdminRouteProtectionTest" classname="Tests.Feature.AdminRouteProtectionTest" assertions="1" time="0.046825"/>
      <testcase name="non-admin user gets 403 on admin product manager" file="tests/Feature/AdminRouteProtectionTest.php::non-admin user gets 403 on admin product manager" class="Tests\Feature\AdminRouteProtectionTest" classname="Tests.Feature.AdminRouteProtectionTest" assertions="1" time="0.012305"/>
      <testcase name="non-admin user gets 403 on admin category manager" file="tests/Feature/AdminRouteProtectionTest.php::non-admin user gets 403 on admin category manager" class="Tests\Feature\AdminRouteProtectionTest" classname="Tests.Feature.AdminRouteProtectionTest" assertions="1" time="0.010373"/>
      <testcase name="non-admin user gets 403 on admin user manager" file="tests/Feature/AdminRouteProtectionTest.php::non-admin user gets 403 on admin user manager" class="Tests\Feature\AdminRouteProtectionTest" classname="Tests.Feature.AdminRouteProtectionTest" assertions="1" time="0.011128"/>
      <testcase name="non-admin user gets 403 on admin orders page" file="tests/Feature/AdminRouteProtectionTest.php::non-admin user gets 403 on admin orders page" class="Tests\Feature\AdminRouteProtectionTest" classname="Tests.Feature.AdminRouteProtectionTest" assertions="1" time="0.010433"/>
      <testsuite name="admin can access all dashboard routes" tests="5" assertions="5" errors="0" failures="0" skipped="0" time="0.206890">
        <testcase name="admin can access all dashboard routes with data set &quot;('dashboard')&quot;" file="tests/Feature/AdminRouteProtectionTest.php::admin can access all dashboard routes with data set &quot;('dashboard')&quot;" class="Tests\Feature\AdminRouteProtectionTest" classname="Tests.Feature.AdminRouteProtectionTest" assertions="1" time="0.029716"/>
        <testcase name="admin can access all dashboard routes with data set &quot;('dashboard.products')&quot;" file="tests/Feature/AdminRouteProtectionTest.php::admin can access all dashboard routes with data set &quot;('dashboard.products')&quot;" class="Tests\Feature\AdminRouteProtectionTest" classname="Tests.Feature.AdminRouteProtectionTest" assertions="1" time="0.054954"/>
        <testcase name="admin can access all dashboard routes with data set &quot;('dashboard.categories')&quot;" file="tests/Feature/AdminRouteProtectionTest.php::admin can access all dashboard routes with data set &quot;('dashboard.categories')&quot;" class="Tests\Feature\AdminRouteProtectionTest" classname="Tests.Feature.AdminRouteProtectionTest" assertions="1" time="0.049876"/>
        <testcase name="admin can access all dashboard routes with data set &quot;('dashboard.users')&quot;" file="tests/Feature/AdminRouteProtectionTest.php::admin can access all dashboard routes with data set &quot;('dashboard.users')&quot;" class="Tests\Feature\AdminRouteProtectionTest" classname="Tests.Feature.AdminRouteProtectionTest" assertions="1" time="0.040009"/>
        <testcase name="admin can access all dashboard routes with data set &quot;('dashboard.orders')&quot;" file="tests/Feature/AdminRouteProtectionTest.php::admin can access all dashboard routes with data set &quot;('dashboard.orders')&quot;" class="Tests\Feature\AdminRouteProtectionTest" classname="Tests.Feature.AdminRouteProtectionTest" assertions="1" time="0.032335"/>
      </testsuite>
    </testsuite>
    <testsuite name="Tests\Feature\AdminProductManagementTest" file="tests/Feature/AdminProductManagementTest.php" tests="5" assertions="14" errors="0" failures="0" skipped="0" time="0.082289">
      <testcase name="admin can create a product via action" file="tests/Feature/AdminProductManagementTest.php::admin can create a product via action" class="Tests\Feature\AdminProductManagementTest" classname="Tests.Feature.AdminProductManagementTest" assertions="6" time="0.016823"/>
      <testcase name="admin can create a product with an image" file="tests/Feature/AdminProductManagementTest.php::admin can create a product with an image" class="Tests\Feature\AdminProductManagementTest" classname="Tests.Feature.AdminProductManagementTest" assertions="2" time="0.034285"/>
      <testcase name="admin can update an existing product via action" file="tests/Feature/AdminProductManagementTest.php::admin can update an existing product via action" class="Tests\Feature\AdminProductManagementTest" classname="Tests.Feature.AdminProductManagementTest" assertions="3" time="0.012135"/>
      <testcase name="admin can soft delete a product" file="tests/Feature/AdminProductManagementTest.php::admin can soft delete a product" class="Tests\Feature\AdminProductManagementTest" classname="Tests.Feature.AdminProductManagementTest" assertions="2" time="0.009672"/>
      <testcase name="soft deleted product is excluded from default queries" file="tests/Feature/AdminProductManagementTest.php::soft deleted product is excluded from default queries" class="Tests\Feature\AdminProductManagementTest" classname="Tests.Feature.AdminProductManagementTest" assertions="1" time="0.009373"/>
    </testsuite>
    <testsuite name="Tests\Unit\CreateOrderActionTest" file="tests/Unit/CreateOrderActionTest.php" tests="4" assertions="9" errors="0" failures="0" skipped="0" time="0.041706">
      <testcase name="CreateOrderAction creates order with pending status" file="tests/Unit/CreateOrderActionTest.php::CreateOrderAction creates order with pending status" class="Tests\Unit\CreateOrderActionTest" classname="Tests.Unit.CreateOrderActionTest" assertions="2" time="0.010819"/>
      <testcase name="CreateOrderAction creates order items with correct snapshots" file="tests/Unit/CreateOrderActionTest.php::CreateOrderAction creates order items with correct snapshots" class="Tests\Unit\CreateOrderActionTest" classname="Tests.Unit.CreateOrderActionTest" assertions="5" time="0.010445"/>
      <testcase name="CreateOrderAction calculates total price correctly" file="tests/Unit/CreateOrderActionTest.php::CreateOrderAction calculates total price correctly" class="Tests\Unit\CreateOrderActionTest" classname="Tests.Unit.CreateOrderActionTest" assertions="1" time="0.010673"/>
      <testcase name="CreateOrderAction assigns correct user id" file="tests/Unit/CreateOrderActionTest.php::CreateOrderAction assigns correct user id" class="Tests\Unit\CreateOrderActionTest" classname="Tests.Unit.CreateOrderActionTest" assertions="1" time="0.009768"/>
    </testsuite>
    <testsuite name="Tests\Unit\ProductScopeTest" file="tests/Unit/ProductScopeTest.php" tests="8" assertions="13" errors="0" failures="0" skipped="0" time="0.077829">
      <testcase name="scopeAvailable returns only products with stock greater than zero" file="tests/Unit/ProductScopeTest.php::scopeAvailable returns only products with stock greater than zero" class="Tests\Unit\ProductScopeTest" classname="Tests.Unit.ProductScopeTest" assertions="2" time="0.010553"/>
      <testcase name="scopeAvailable excludes products with exactly zero stock" file="tests/Unit/ProductScopeTest.php::scopeAvailable excludes products with exactly zero stock" class="Tests\Unit\ProductScopeTest" classname="Tests.Unit.ProductScopeTest" assertions="2" time="0.009339"/>
      <testcase name="formattedPrice accessor returns European format with euro sign" file="tests/Unit/ProductScopeTest.php::formattedPrice accessor returns European format with euro sign" class="Tests\Unit\ProductScopeTest" classname="Tests.Unit.ProductScopeTest" assertions="1" time="0.008862"/>
      <testcase name="formattedPrice accessor handles single digit price" file="tests/Unit/ProductScopeTest.php::formattedPrice accessor handles single digit price" class="Tests\Unit\ProductScopeTest" classname="Tests.Unit.ProductScopeTest" assertions="1" time="0.009095"/>
      <testcase name="scopeSearch filters products by name" file="tests/Unit/ProductScopeTest.php::scopeSearch filters products by name" class="Tests\Unit\ProductScopeTest" classname="Tests.Unit.ProductScopeTest" assertions="2" time="0.012452"/>
      <testcase name="scopeSearch returns all products when search is empty" file="tests/Unit/ProductScopeTest.php::scopeSearch returns all products when search is empty" class="Tests\Unit\ProductScopeTest" classname="Tests.Unit.ProductScopeTest" assertions="1" time="0.009278"/>
      <testcase name="scopeInCategory filters products by category id" file="tests/Unit/ProductScopeTest.php::scopeInCategory filters products by category id" class="Tests\Unit\ProductScopeTest" classname="Tests.Unit.ProductScopeTest" assertions="2" time="0.009197"/>
      <testcase name="scopeInCategory filters products by category slug" file="tests/Unit/ProductScopeTest.php::scopeInCategory filters products by category slug" class="Tests\Unit\ProductScopeTest" classname="Tests.Unit.ProductScopeTest" assertions="2" time="0.009053"/>
    </testsuite>
  </testsuite>
</testsuites>
