<?xml version="1.0" encoding="UTF-8"?>
<testsuites>
  <testsuite name="CLI Arguments" tests="41" assertions="74" errors="0" failures="1" skipped="0" time="0.998976">
    <testsuite name="Tests\Feature\GuestCartTest" file="tests/Feature/GuestCartTest.php" tests="4" assertions="10" errors="0" failures="0" skipped="0" time="0.326794">
      <testcase name="guest can add a product to the session cart" file="tests/Feature/GuestCartTest.php::guest can add a product to the session cart" class="Tests\Feature\GuestCartTest" classname="Tests.Feature.GuestCartTest" assertions="3" time="0.277371"/>
      <testcase name="guest session cart persists across requests" file="tests/Feature/GuestCartTest.php::guest session cart persists across requests" class="Tests\Feature\GuestCartTest" classname="Tests.Feature.GuestCartTest" assertions="2" time="0.018816"/>
      <testcase name="guest can add multiple products to the session cart" file="tests/Feature/GuestCartTest.php::guest can add multiple products to the session cart" class="Tests\Feature\GuestCartTest" classname="Tests.Feature.GuestCartTest" assertions="3" time="0.017090"/>
      <testcase name="guest cart is empty by default" file="tests/Feature/GuestCartTest.php::guest cart is empty by default" class="Tests\Feature\GuestCartTest" classname="Tests.Feature.GuestCartTest" assertions="2" time="0.013517"/>
    </testsuite>
    <testsuite name="Tests\Feature\OrderPlacementTest" file="tests/Feature/OrderPlacementTest.php" tests="2" assertions="6" errors="0" failures="0" skipped="0" time="0.030122">
      <testcase name="authenticated user can place an order with pending status" file="tests/Feature/OrderPlacementTest.php::authenticated user can place an order with pending status" class="Tests\Feature\OrderPlacementTest" classname="Tests.Feature.OrderPlacementTest" assertions="5" time="0.020338"/>
      <testcase name="order items are created with correct snapshot data" file="tests/Feature/OrderPlacementTest.php::order items are created with correct snapshot data" class="Tests\Feature\OrderPlacementTest" classname="Tests.Feature.OrderPlacementTest" assertions="1" time="0.009785"/>
    </testsuite>
    <testsuite name="Tests\Feature\OrderPolicyTest" file="tests/Feature/OrderPolicyTest.php" tests="6" assertions="9" errors="0" failures="1" skipped="0" time="0.100779">
      <testcase name="user can view their own order via policy" file="tests/Feature/OrderPolicyTest.php::user can view their own order via policy" class="Tests\Feature\OrderPolicyTest" classname="Tests.Feature.OrderPolicyTest" assertions="1" time="0.009287"/>
      <testcase name="user cannot view another users order via policy" file="tests/Feature/OrderPolicyTest.php::user cannot view another users order via policy" class="Tests\Feature\OrderPolicyTest" classname="Tests.Feature.OrderPolicyTest" assertions="1" time="0.009593"/>
      <testcase name="admin can view any order via policy" file="tests/Feature/OrderPolicyTest.php::admin can view any order via policy" class="Tests\Feature\OrderPolicyTest" classname="Tests.Feature.OrderPolicyTest" assertions="1" time="0.009331"/>
      <testcase name="user can see their own orders on the my-orders page" file="tests/Feature/OrderPolicyTest.php::user can see their own orders on the my-orders page" class="Tests\Feature\OrderPolicyTest" classname="Tests.Feature.OrderPolicyTest" assertions="2" time="0.034967">
        <failure type="PHPUnit\Framework\ExpectationFailedException">user can see their own orders on the my-orders pageFailed asserting that '&lt;!DOCTYPE html&gt;\n
&lt;html lang="en"&gt;\n
&lt;head&gt;\n
    &lt;meta charset="utf-8" /&gt;\n
    &lt;meta name="viewport" content="width=device-width, initial-scale=1.0" /&gt;\n
\n
    &lt;title&gt;\n
        Laravel\n
    &lt;/title&gt;\n
\n
    &lt;link rel="icon" href="/favicon.svg?v=1777543490" type="image/svg+xml"&gt;\n
    &lt;link rel="apple-touch-icon" href="/apple-touch-icon.png"&gt;\n
\n
    &lt;link rel="preconnect" href="https://fonts.bunny.net"&gt;\n
    &lt;link href="https://fonts.bunny.net/css?family=inter:400,500,600,700&amp;display=swap" rel="stylesheet" /&gt;\n
\n
    &lt;style&gt;\n
        html { background-color: #ffffff; }\n
        html.dark { background-color: #09090b; }\n
        body { background-color: transparent; }\n
        [x-cloak] { display: none !important; }\n
    &lt;/style&gt;\n
\n
    &lt;script&gt;\n
        (function() {\n
            const theme = localStorage.getItem('techshop.theme') || localStorage.getItem('flux.appearance');\n
            const isDark = theme === 'dark' || (!theme &amp;&amp; window.matchMedia('(prefers-color-scheme: dark)').matches);\n
            if (isDark) {\n
                document.documentElement.classList.add('dark');\n
            } else {\n
                document.documentElement.classList.remove('dark');\n
            }\n
        })();\n
    &lt;/script&gt;\n
\n
    &lt;script type="module" src="http://[::1]:5173/@vite/client" data-navigate-track="reload"&gt;&lt;/script&gt;&lt;link rel="stylesheet" href="http://[::1]:5173/resources/css/app.css" data-navigate-track="reload" /&gt;&lt;script type="module" src="http://[::1]:5173/resources/js/app.js" data-navigate-track="reload"&gt;&lt;/script&gt;    &lt;style&gt;\n
    :root.dark {\n
        color-scheme: dark;\n
    }\n
&lt;/style&gt;\n
&lt;script&gt;\n
    window.Flux = {\n
        applyAppearance (appearance) {\n
            let applyDark = () =&gt; document.documentElement.classList.add('dark')\n
            let applyLight = () =&gt; document.documentElement.classList.remove('dark')\n
\n
            if (appearance === 'system') {\n
                let media = window.matchMedia('(prefers-color-scheme: dark)')\n
\n
                window.localStorage.removeItem('flux.appearance')\n
\n
                media.matches ? applyDark() : applyLight()\n
            } else if (appearance === 'dark') {\n
                window.localStorage.setItem('flux.appearance', 'dark')\n
\n
                applyDark()\n
            } else if (appearance === 'light') {\n
                window.localStorage.setItem('flux.appearance', 'light')\n
\n
                applyLight()\n
            }\n
        }\n
    }\n
\n
    window.Flux.applyAppearance(window.localStorage.getItem('flux.appearance') || 'system')\n
&lt;/script&gt;\n
&lt;!-- Livewire Styles --&gt;&lt;style &gt;[wire\:loading][wire\:loading], [wire\:loading\.delay][wire\:loading\.delay], [wire\:loading\.list-item][wire\:loading\.list-item], [wire\:loading\.inline-block][wire\:loading\.inline-block], [wire\:loading\.inline][wire\:loading\.inline], [wire\:loading\.block][wire\:loading\.block], [wire\:loading\.flex][wire\:loading\.flex], [wire\:loading\.table][wire\:loading\.table], [wire\:loading\.grid][wire\:loading\.grid], [wire\:loading\.inline-flex][wire\:loading\.inline-flex] {display: none;}[wire\:loading\.delay\.none][wire\:loading\.delay\.none], [wire\:loading\.delay\.shortest][wire\:loading\.delay\.shortest], [wire\:loading\.delay\.shorter][wire\:loading\.delay\.shorter], [wire\:loading\.delay\.short][wire\:loading\.delay\.short], [wire\:loading\.delay\.default][wire\:loading\.delay\.default], [wire\:loading\.delay\.long][wire\:loading\.delay\.long], [wire\:loading\.delay\.longer][wire\:loading\.delay\.longer], [wire\:loading\.delay\.longest][wire\:loading\.delay\.longest] {display: none;}[wire\:offline][wire\:offline] {display: none;}[wire\:dirty]:not(textarea):not(input):not(select) {display: none;}:root {--livewire-progress-bar-color: #2299dd;}[x-cloak] {display: none !important;}[wire\:cloak] {display: none !important;}dialog#livewire-error::backdrop {background-color: rgba(0, 0, 0, .6);}&lt;/style&gt;\n
&lt;/head&gt;\n
&lt;body class="min-h-screen bg-white dark:bg-zinc-950 text-[#0d0d0d] dark:text-zinc-50 font-['Inter'] antialiased"&gt;\n
    &lt;nav wire:key="lw-1601873833-0-1-0-0-1-1-0" wire:snapshot="{&amp;quot;data&amp;quot;:[],&amp;quot;memo&amp;quot;:{&amp;quot;id&amp;quot;:&amp;quot;OT6DhQGalMnaeL9LXGGJ&amp;quot;,&amp;quot;name&amp;quot;:&amp;quot;shop-navigation&amp;quot;,&amp;quot;path&amp;quot;:&amp;quot;mijn-orders&amp;quot;,&amp;quot;method&amp;quot;:&amp;quot;GET&amp;quot;,&amp;quot;release&amp;quot;:&amp;quot;a-a-a&amp;quot;,&amp;quot;children&amp;quot;:{&amp;quot;lw-3702893065-0-1-0-0-1-1-0&amp;quot;:[&amp;quot;a&amp;quot;,&amp;quot;ySqkUoraNNJ4TZTKpILR&amp;quot;]},&amp;quot;scripts&amp;quot;:[],&amp;quot;assets&amp;quot;:[],&amp;quot;errors&amp;quot;:[],&amp;quot;locale&amp;quot;:&amp;quot;en&amp;quot;,&amp;quot;islands&amp;quot;:[]},&amp;quot;checksum&amp;quot;:&amp;quot;9184abc2088afd520204e2812c4d2ff4dcf95e1dba502f3c97cc8c67a3829739&amp;quot;}" wire:effects="[]" wire:id="OT6DhQGalMnaeL9LXGGJ" wire:name="shop-navigation"\n
    x-data="{ open: false, accountOpen: false }"\n
    class="fixed top-0 inset-x-0 z-50 bg-white/80 dark:bg-zinc-950/80 backdrop-blur-md border-b border-black/[0.05] dark:border-white/[0.05]"\n
&gt;\n
    &lt;div class="max-w-[1200px] mx-auto px-6 h-16 flex items-center justify-between"&gt;\n
        \n
        &lt;div class="flex items-center gap-8"&gt;\n
            &lt;a href="http://localhost" class="text-xl font-semibold tracking-tight" wire:navigate&gt;\n
                TECH&lt;span class="text-[#18E299]"&gt;SHOP&lt;/span&gt;\n
            &lt;/a&gt;\n
\n
            \n
            &lt;div class="hidden md:flex items-center gap-6 text-[14px] font-medium"&gt;\n
                &lt;a href="http://localhost/products" class="hover:text-[#18E299] transition-colors" wire:navigate&gt;\n
                    Shop\n
                &lt;/a&gt;\n
                &lt;!--[if BLOCK]&gt;&lt;![endif]--&gt;                    &lt;a href="http://localhost/mijn-orders" class="hover:text-[#18E299] transition-colors" wire:navigate&gt;\n
                        My Orders\n
                    &lt;/a&gt;\n
                &lt;!--[if ENDBLOCK]&gt;&lt;![endif]--&gt;            &lt;/div&gt;\n
        &lt;/div&gt;\n
\n
        \n
        &lt;div class="flex items-center gap-1"&gt;\n
            \n
            &lt;button\n
                type="button"\n
                x-data="{ dark: document.documentElement.classList.contains('dark') }"\n
                @click="dark = window.techshopToggleTheme(dark)"\n
                class="inline-flex items-center justify-center w-9 h-9 rounded-full hover:bg-gray-100 dark:hover:bg-zinc-800 transition-colors"\n
                aria-label="Toggle dark mode"\n
            &gt;\n
                &lt;svg x-show="!dark" xmlns="http://www.w3.org/2000/svg" width="20" height="20" viewBox="0 0 24 24" fill="none" stroke="currentColor" stroke-width="2" stroke-linecap="round" stroke-linejoin="round"&gt;\n
                    &lt;path d="M12 3a6 6 0 0 0 9 9 9 9 0 1 1-9-9Z"/&gt;\n
                &lt;/svg&gt;\n
                &lt;svg x-show="dark" x-cloak xmlns="http://www.w3.org/2000/svg" width="20" height="20" viewBox="0 0 24 24" fill="none" stroke="currentColor" stroke-width="2" stroke-linecap="round" stroke-linejoin="round"&gt;\n
                    &lt;circle cx="12" cy="12" r="4"/&gt;\n
                    &lt;path d="M12 2v2"/&gt;&lt;path d="M12 20v2"/&gt;&lt;path d="m4.93 4.93 1.41 1.41"/&gt;&lt;path d="m17.66 17.66 1.41 1.41"/&gt;&lt;path d="M2 12h2"/&gt;&lt;path d="M20 12h2"/&gt;&lt;path d="m6.34 17.66-1.41 1.41"/&gt;&lt;path d="m19.07 4.93-1.41 1.41"/&gt;\n
                &lt;/svg&gt;\n
            &lt;/button&gt;\n
\n
            &lt;!--[if BLOCK]&gt;&lt;![endif]--&gt;                &lt;div class="hidden sm:flex items-center px-1"&gt;\n
                    &lt;span class="text-[13px] font-medium text-[#666666] dark:text-zinc-400"&gt;\n
                        Mr. Andres Jenkins\n
                    &lt;/span&gt;\n
                &lt;/div&gt;\n
            &lt;!--[if ENDBLOCK]&gt;&lt;![endif]--&gt;\n
            \n
            &lt;div class="relative"&gt;\n
                &lt;!--[if BLOCK]&gt;&lt;![endif]--&gt;                    &lt;button\n
                        type="button"\n
                        @click="accountOpen = !accountOpen"\n
                        @click.outside="accountOpen = false"\n
                        class="inline-flex items-center justify-center w-9 h-9 rounded-full hover:bg-gray-100 dark:hover:bg-zinc-800 transition-colors"\n
                        aria-label="Account menu"\n
                    &gt;\n
                        &lt;svg xmlns="http://www.w3.org/2000/svg" width="20" height="20" viewBox="0 0 24 24" fill="none" stroke="currentColor" stroke-width="2" stroke-linecap="round" stroke-linejoin="round"&gt;\n
                            &lt;circle cx="12" cy="8" r="4"/&gt;\n
                            &lt;path d="M4 20c0-4 3.6-7 8-7s8 3 8 7"/&gt;\n
                        &lt;/svg&gt;\n
                    &lt;/button&gt;\n
\n
                    &lt;div\n
                        x-show="accountOpen"\n
                        x-cloak\n
                        x-transition:enter="transition ease-out duration-100"\n
                        x-transition:enter-start="opacity-0 scale-95"\n
                        x-transition:enter-end="opacity-100 scale-100"\n
                        x-transition:leave="transition ease-in duration-75"\n
                        x-transition:leave-start="opacity-100 scale-100"\n
                        x-transition:leave-end="opacity-0 scale-95"\n
                        class="absolute right-0 mt-2 w-44 bg-white dark:bg-zinc-900 rounded-xl border border-black/[0.07] dark:border-white/[0.07] shadow-lg py-1 z-50"\n
                    &gt;\n
                        &lt;!--[if BLOCK]&gt;&lt;![endif]--&gt;                            &lt;a\n
                                href="http://localhost/mijn-profiel"\n
                                wire:navigate\n
                                @click="accountOpen = false"\n
                                class="flex items-center gap-2 px-4 py-2.5 text-[14px] hover:bg-gray-50 dark:hover:bg-zinc-800 transition-colors"\n
                            &gt;\n
                                Edit Profile\n
                            &lt;/a&gt;\n
                        &lt;!--[if ENDBLOCK]&gt;&lt;![endif]--&gt;                        &lt;div class="my-1 border-t border-black/[0.05] dark:border-white/[0.05]"&gt;&lt;/div&gt;\n
                        &lt;form method="POST" action="http://localhost/logout"&gt;\n
                            &lt;input type="hidden" name="_token" value="GhfCj1hS7wqR7ReVfRLpzdrGfKOlff3OXPIHUVMe" autocomplete="off"&gt;                            &lt;button type="submit" class="w-full text-left flex items-center gap-2 px-4 py-2.5 text-[14px] hover:bg-gray-50 dark:hover:bg-zinc-800 transition-colors text-red-500"&gt;\n
                                Log out\n
                            &lt;/button&gt;\n
                        &lt;/form&gt;\n
                    &lt;/div&gt;\n
                &lt;!--[if ENDBLOCK]&gt;&lt;![endif]--&gt;            &lt;/div&gt;\n
\n
            \n
            &lt;a wire:key="lw-3702893065-0-1-0-0-1-1-0" wire:snapshot="{&amp;quot;data&amp;quot;:[],&amp;quot;memo&amp;quot;:{&amp;quot;id&amp;quot;:&amp;quot;ySqkUoraNNJ4TZTKpILR&amp;quot;,&amp;quot;name&amp;quot;:&amp;quot;cart-icon&amp;quot;,&amp;quot;path&amp;quot;:&amp;quot;mijn-orders&amp;quot;,&amp;quot;method&amp;quot;:&amp;quot;GET&amp;quot;,&amp;quot;release&amp;quot;:&amp;quot;a-a-a&amp;quot;,&amp;quot;children&amp;quot;:[],&amp;quot;scripts&amp;quot;:[],&amp;quot;assets&amp;quot;:[],&amp;quot;errors&amp;quot;:[],&amp;quot;locale&amp;quot;:&amp;quot;en&amp;quot;,&amp;quot;islands&amp;quot;:[]},&amp;quot;checksum&amp;quot;:&amp;quot;58205b608ff7333a6a06dd1f2d22ac9fbb608d0376fd29ae56e49b10ec1d4b67&amp;quot;}" wire:effects="{&amp;quot;listeners&amp;quot;:[&amp;quot;cart-updated&amp;quot;]}" wire:id="ySqkUoraNNJ4TZTKpILR" wire:name="cart-icon" href="/cart" class="relative inline-flex items-center justify-center w-9 h-9 rounded-full hover:bg-gray-100 dark:hover:bg-zinc-800 transition-colors"&gt;\n
    &lt;svg xmlns="http://www.w3.org/2000/svg" width="20" height="20" viewBox="0 0 24 24" fill="none" stroke="currentColor" stroke-width="2" stroke-linecap="round" stroke-linejoin="round"&gt;\n
        &lt;circle cx="8" cy="21" r="1"/&gt;\n
        &lt;circle cx="19" cy="21" r="1"/&gt;\n
        &lt;path d="M2.05 2.05h2l2.66 12.42a2 2 0 0 0 2 1.58h9.78a2 2 0 0 0 1.95-1.57l1.65-7.43H5.12"/&gt;\n
    &lt;/svg&gt;\n
\n
    &lt;!--[if BLOCK]&gt;&lt;![endif]--&gt;&lt;!--[if ENDBLOCK]&gt;&lt;![endif]--&gt;&lt;/a&gt;\n
            \n
            &lt;button\n
                type="button"\n
                @click="open = !open"\n
                class="md:hidden inline-flex items-center justify-center w-9 h-9 rounded-full border border-black/[0.08] dark:border-white/[0.08] hover:bg-gray-50 dark:hover:bg-zinc-800 transition-colors ml-1"\n
                :aria-expanded="open"\n
                aria-controls="shop-mobile-menu"\n
                aria-label="Toggle menu"\n
            &gt;\n
                &lt;svg x-show="!open" xmlns="http://www.w3.org/2000/svg" width="18" height="18" viewBox="0 0 24 24" fill="none" stroke="currentColor" stroke-width="2" stroke-linecap="round" stroke-linejoin="round"&gt;\n
                    &lt;line x1="4" y1="7" x2="20" y2="7"/&gt;\n
                    &lt;line x1="4" y1="12" x2="20" y2="12"/&gt;\n
                    &lt;line x1="4" y1="17" x2="20" y2="17"/&gt;\n
                &lt;/svg&gt;\n
                &lt;svg x-show="open" x-cloak xmlns="http://www.w3.org/2000/svg" width="18" height="18" viewBox="0 0 24 24" fill="none" stroke="currentColor" stroke-width="2" stroke-linecap="round" stroke-linejoin="round"&gt;\n
                    &lt;line x1="6" y1="6" x2="18" y2="18"/&gt;\n
                    &lt;line x1="6" y1="18" x2="18" y2="6"/&gt;\n
                &lt;/svg&gt;\n
            &lt;/button&gt;\n
        &lt;/div&gt;\n
    &lt;/div&gt;\n
\n
    \n
    &lt;div\n
        id="shop-mobile-menu"\n
        x-show="open"\n
        x-cloak\n
        x-transition.opacity\n
        @click.outside="open = false"\n
        class="md:hidden border-t border-black/[0.05] dark:border-white/[0.05] bg-white dark:bg-zinc-950"\n
    &gt;\n
        &lt;div class="max-w-[1200px] mx-auto px-6 py-4 flex flex-col gap-1 text-[15px] font-medium"&gt;\n
            &lt;a href="http://localhost/products" wire:navigate @click="open = false" class="py-2 hover:text-[#18E299] transition-colors"&gt;\n
                Shop\n
            &lt;/a&gt;\n
\n
            &lt;!--[if BLOCK]&gt;&lt;![endif]--&gt;                &lt;a href="http://localhost/mijn-orders" wire:navigate @click="open = false" class="py-2 hover:text-[#18E299] transition-colors"&gt;\n
                    My Orders\n
                &lt;/a&gt;\n
            &lt;!--[if ENDBLOCK]&gt;&lt;![endif]--&gt;\n
            &lt;!--[if BLOCK]&gt;&lt;![endif]--&gt;                &lt;div class="pt-3 mt-2 border-t border-black/[0.05] dark:border-white/[0.05] flex flex-col gap-1"&gt;\n
                    &lt;!--[if BLOCK]&gt;&lt;![endif]--&gt;                        &lt;a href="http://localhost/mijn-profiel" wire:navigate @click="open = false" class="py-2 hover:text-[#18E299] transition-colors"&gt;\n
                            Edit Profile\n
                        &lt;/a&gt;\n
                    &lt;!--[if ENDBLOCK]&gt;&lt;![endif]--&gt;                    &lt;form method="POST" action="http://localhost/logout"&gt;\n
                        &lt;input type="hidden" name="_token" value="GhfCj1hS7wqR7ReVfRLpzdrGfKOlff3OXPIHUVMe" autocomplete="off"&gt;                        &lt;button type="submit" class="py-2 text-red-500 hover:opacity-80 transition-opacity text-left w-full"&gt;\n
                            Log out\n
                        &lt;/button&gt;\n
                    &lt;/form&gt;\n
                &lt;/div&gt;\n
            &lt;!--[if ENDBLOCK]&gt;&lt;![endif]--&gt;        &lt;/div&gt;\n
    &lt;/div&gt;\n
&lt;/nav&gt;\n
    &lt;main class="pt-16"&gt;\n
        &lt;div wire:snapshot="{&amp;quot;data&amp;quot;:[],&amp;quot;memo&amp;quot;:{&amp;quot;id&amp;quot;:&amp;quot;kkY2Bfoz3pHZxJ9aaA5h&amp;quot;,&amp;quot;name&amp;quot;:&amp;quot;public.my-orders&amp;quot;,&amp;quot;path&amp;quot;:&amp;quot;mijn-orders&amp;quot;,&amp;quot;method&amp;quot;:&amp;quot;GET&amp;quot;,&amp;quot;release&amp;quot;:&amp;quot;a-a-a&amp;quot;,&amp;quot;children&amp;quot;:[],&amp;quot;scripts&amp;quot;:[],&amp;quot;assets&amp;quot;:[],&amp;quot;errors&amp;quot;:[],&amp;quot;locale&amp;quot;:&amp;quot;en&amp;quot;,&amp;quot;islands&amp;quot;:[]},&amp;quot;checksum&amp;quot;:&amp;quot;958956353a4039225e24a00b74a53224f5eb15ea6bb7d22e8f86c1ba37e9edfc&amp;quot;}" wire:effects="[]" wire:id="kkY2Bfoz3pHZxJ9aaA5h" wire:name="public.my-orders" class="max-w-[1200px] mx-auto px-6 py-12"&gt;\n
    &lt;div class="mb-10"&gt;\n
        &lt;div class="text-[11px] font-mono text-[#18E299] tracking-widest uppercase mb-3"&gt;\n
            Account — History\n
        &lt;/div&gt;\n
        &lt;h1 class="text-3xl md:text-4xl font-semibold tracking-[-0.8px] text-[#0d0d0d] dark:text-white"&gt;\n
            My Orders\n
        &lt;/h1&gt;\n
        &lt;p class="text-[#666666] dark:text-zinc-400 mt-2 text-sm"&gt;\n
            View the details and status of your past orders.\n
        &lt;/p&gt;\n
    &lt;/div&gt;\n
\n
    &lt;div class="rounded-[16px] border border-black/[0.05] dark:border-white/[0.08] bg-white dark:bg-zinc-900 overflow-hidden shadow-sm"&gt;\n
        &lt;div class="overflow-x-auto"&gt;\n
            &lt;table class="w-full text-[14px] text-left"&gt;\n
                &lt;thead class="border-b border-black/[0.05] dark:border-white/[0.06] bg-gray-50/50 dark:bg-white/[0.02]"&gt;\n
                    &lt;tr&gt;\n
                        &lt;th scope="col" class="px-6 py-4 text-[11px] font-mono text-[#18E299] tracking-widest uppercase font-medium w-24"&gt;#&lt;/th&gt;\n
                        &lt;th scope="col" class="px-6 py-4 text-[11px] font-mono text-[#18E299] tracking-widest uppercase font-medium"&gt;Items&lt;/th&gt;\n
                        &lt;th scope="col" class="px-6 py-4 text-[11px] font-mono text-[#18E299] tracking-widest uppercase font-medium"&gt;Date&lt;/th&gt;\n
                        &lt;th scope="col" class="px-6 py-4 text-[11px] font-mono text-[#18E299] tracking-widest uppercase font-medium"&gt;Status&lt;/th&gt;\n
                        &lt;th scope="col" class="px-6 py-4 text-right text-[11px] font-mono text-[#18E299] tracking-widest uppercase font-medium"&gt;Total&lt;/th&gt;\n
                    &lt;/tr&gt;\n
                &lt;/thead&gt;\n
                &lt;tbody class="divide-y divide-black/[0.04] dark:divide-white/[0.04]"&gt;\n
                    &lt;!--[if BLOCK]&gt;&lt;![endif]--&gt;                        &lt;tr class="group hover:bg-[#fafafa] dark:hover:bg-zinc-800/50"&gt;\n
                            &lt;td class="px-6 py-5"&gt;\n
                                &lt;span class="font-bold text-[#0d0d0d] dark:text-white group-hover:text-[#18E299]"&gt;\n
                                    #1\n
                                &lt;/span&gt;\n
                            &lt;/td&gt;\n
                            &lt;td class="px-6 py-5"&gt;\n
                                &lt;div class="flex flex-col gap-3"&gt;\n
                                    &lt;!--[if BLOCK]&gt;&lt;![endif]--&gt;                                        &lt;div class="flex items-center gap-3"&gt;\n
                                            &lt;div class="w-10 h-10 rounded-lg bg-[#f0fdf4] dark:bg-zinc-800 border border-black/[0.05] dark:border-white/[0.05] overflow-hidden flex-shrink-0"&gt;\n
                                                &lt;!--[if BLOCK]&gt;&lt;![endif]--&gt;                                                    &lt;div class="w-full h-full flex items-center justify-center"&gt;\n
                                                        &lt;svg xmlns="http://www.w3.org/2000/svg" class="size-4 text-[#cccccc] dark:text-zinc-600" viewBox="0 0 24 24" fill="none" stroke="currentColor" stroke-width="2" stroke-linecap="round" stroke-linejoin="round"&gt;&lt;rect width="18" height="18" x="3" y="3" rx="2" ry="2"/&gt;&lt;circle cx="9" cy="9" r="2"/&gt;&lt;path d="m21 15-3.086-3.086a2 2 0 0 0-2.828 0L6 21"/&gt;&lt;/svg&gt;\n
                                                    &lt;/div&gt;\n
                                                &lt;!--[if ENDBLOCK]&gt;&lt;![endif]--&gt;                                            &lt;/div&gt;\n
                                            &lt;div class="text-sm"&gt;\n
                                                &lt;div class="font-medium text-[#0d0d0d] dark:text-zinc-200"&gt;\n
                                                    &lt;span class="font-bold text-[#18E299]/70 mr-1"&gt;1x&lt;/span&gt;\n
                                                    ad quo architecto\n
                                                &lt;/div&gt;\n
                                                &lt;div class="text-[12px] text-[#999999] dark:text-zinc-500"&gt;\n
                                                    &amp;euro;321,92 per unit\n
                                                &lt;/div&gt;\n
                                            &lt;/div&gt;\n
                                        &lt;/div&gt;\n
                                    &lt;!--[if ENDBLOCK]&gt;&lt;![endif]--&gt;                                &lt;/div&gt;\n
                            &lt;/td&gt;\n
                            &lt;td class="px-6 py-5"&gt;\n
                                &lt;span class="font-mono text-[13px] text-[#999999] dark:text-zinc-500"&gt;\n
                                    Apr 30, 2026\n
                                &lt;/span&gt;\n
                            &lt;/td&gt;\n
                            &lt;td class="px-6 py-5"&gt;\n
                                &lt;span class="inline-flex justify-center px-3 py-1.5 rounded-full text-[12px] font-medium border min-w-[80px] bg-[#d4fae8] dark:bg-[#0fa76e]/20 text-[#0fa76e] dark:text-[#18E299] border-[#18E299]/20"&gt;\n
                                    Paid\n
                                &lt;/span&gt;\n
                            &lt;/td&gt;\n
                            &lt;td class="px-6 py-5 text-right"&gt;\n
                                &lt;span class="text-lg font-bold text-[#0d0d0d] dark:text-white"&gt;\n
                                €1.178,83\n
                            &lt;/td&gt;\n
                        &lt;/tr&gt;\n
                        &lt;!--[if BLOCK]&gt;&lt;![endif]--&gt;&lt;!--[if ENDBLOCK]&gt;&lt;![endif]--&gt;                    &lt;!--[if ENDBLOCK]&gt;&lt;![endif]--&gt;                &lt;/tbody&gt;\n
            &lt;/table&gt;\n
        &lt;/div&gt;\n
    &lt;/div&gt;\n
&lt;/div&gt;\n
    &lt;/main&gt;\n
\n
    &lt;div\n
    x-data="{ \n
        show: false, \n
        message: '', \n
        title: '',\n
        link: null,\n
        linkText: null,\n
        timeout: null,\n
        notify(event) {\n
            this.title = event.detail.title || 'Success';\n
            this.message = event.detail.message || '';\n
            this.link = event.detail.link || null;\n
            this.linkText = event.detail.linkText || null;\n
            this.show = true;\n
            \n
            if (this.timeout) clearTimeout(this.timeout);\n
            this.timeout = setTimeout(() =&gt; { this.show = false }, 5000);\n
        }\n
    }"\n
    @notify.window="notify($event)"\n
    x-show="show"\n
    x-transition:enter="transition ease-out duration-300"\n
    x-transition:enter-start="opacity-0 translate-y-4 sm:translate-y-0 sm:translate-x-4"\n
    x-transition:enter-end="opacity-100 translate-y-0 sm:translate-x-0"\n
    x-transition:leave="transition ease-in duration-200"\n
    x-transition:leave-start="opacity-100"\n
    x-transition:leave-end="opacity-0"\n
    class="fixed top-20 right-6 z-[100] max-w-sm w-full bg-white dark:bg-zinc-900 border border-black/[0.08] dark:border-white/[0.08] rounded-[20px] shadow-2xl shadow-black/10 p-4 overflow-hidden"\n
    x-cloak\n
&gt;\n
    &lt;div class="flex items-start gap-4"&gt;\n
        &lt;div class="size-10 rounded-full bg-[#d4fae8] dark:bg-[#0fa76e]/20 text-[#0fa76e] dark:text-[#18E299] flex items-center justify-center shrink-0"&gt;\n
            &lt;svg xmlns="http://www.w3.org/2000/svg" width="20" height="20" viewBox="0 0 24 24" fill="none" stroke="currentColor" stroke-width="2.5" stroke-linecap="round" stroke-linejoin="round"&gt;&lt;path d="M20 6 9 17l-5-5"/&gt;&lt;/svg&gt;\n
        &lt;/div&gt;\n
        \n
        &lt;div class="flex-1 min-w-0"&gt;\n
            &lt;div class="text-[11px] font-mono text-[#0fa76e] dark:text-[#18E299] tracking-widest uppercase mb-1" x-text="title"&gt;&lt;/div&gt;\n
            &lt;div class="text-[14px] font-medium text-[#0d0d0d] dark:text-zinc-50 leading-snug mb-3" x-text="message"&gt;&lt;/div&gt;\n
            \n
            &lt;template x-if="link"&gt;\n
                &lt;a \n
                    :href="link" \n
                    wire:navigate\n
                    class="inline-flex items-center gap-1.5 px-3 py-1.5 rounded-full bg-[#0fa76e] dark:bg-[#18E299] text-white dark:text-[#0d0d0d] text-[11px] font-bold uppercase tracking-wider hover:opacity-90 transition-opacity"\n
                &gt;\n
                    &lt;span x-text="linkText"&gt;&lt;/span&gt;\n
                    &lt;svg xmlns="http://www.w3.org/2000/svg" width="12" height="12" viewBox="0 0 24 24" fill="none" stroke="currentColor" stroke-width="3" stroke-linecap="round" stroke-linejoin="round"&gt;&lt;path d="M5 12h14"/&gt;&lt;path d="m12 5 7 7-7 7"/&gt;&lt;/svg&gt;\n
                &lt;/a&gt;\n
            &lt;/template&gt;\n
        &lt;/div&gt;\n
\n
        &lt;button @click="show = false" class="text-zinc-400 hover:text-zinc-600 dark:hover:text-zinc-200 transition-colors"&gt;\n
            &lt;svg xmlns="http://www.w3.org/2000/svg" width="18" height="18" viewBox="0 0 24 24" fill="none" stroke="currentColor" stroke-width="2" stroke-linecap="round" stroke-linejoin="round"&gt;&lt;path d="M18 6 6 18"/&gt;&lt;path d="m6 6 12 12"/&gt;&lt;/svg&gt;\n
        &lt;/button&gt;\n
    &lt;/div&gt;\n
\n
    \n
    &lt;div class="absolute bottom-0 left-0 h-1 bg-[#0fa76e] dark:bg-[#18E299] transition-all duration-5000 ease-linear" :style="show ? 'width: 100%' : 'width: 0%'" x-show="show"&gt;&lt;/div&gt;\n
&lt;/div&gt;\n
    &lt;footer class="mt-24 border-t border-black/[0.05] dark:border-white/[0.05] bg-white dark:bg-zinc-950"&gt;\n
    &lt;div class="max-w-[1200px] mx-auto px-6 py-16 grid grid-cols-1 md:grid-cols-5 gap-10"&gt;\n
        \n
        &lt;div class="md:col-span-2"&gt;\n
            &lt;a href="http://localhost" class="text-xl font-semibold tracking-tight dark:text-white" wire:navigate&gt;\n
                TECH&lt;span class="text-[#18E299]"&gt;SHOP&lt;/span&gt;\n
            &lt;/a&gt;\n
            &lt;p class="mt-4 text-[14px] text-[#666666] dark:text-zinc-400 max-w-sm leading-relaxed"&gt;\n
                High-performance hardware engineered for developers, designers, and digital architects.\n
            &lt;/p&gt;\n
        &lt;/div&gt;\n
\n
        \n
        &lt;div&gt;\n
            &lt;div class="text-[11px] font-mono text-[#0fa76e] dark:text-[#18E299] tracking-widest uppercase mb-4"&gt;\n
                Shop\n
            &lt;/div&gt;\n
            &lt;ul class="space-y-2 text-[14px]"&gt;\n
                &lt;li&gt;&lt;a href="http://localhost/products" class="text-[#0d0d0d] dark:text-zinc-300 hover:text-[#18E299] transition-colors" wire:navigate&gt;All Products&lt;/a&gt;&lt;/li&gt;\n
                &lt;li&gt;\n
                    &lt;a\n
                        x-data\n
                        href="http://localhost#new-arrivals"\n
                        @click.prevent="\n
                            const homePath = new URL('http://localhost').pathname;\n
                            if (window.location.pathname === homePath) {\n
                                document.getElementById('new-arrivals').scrollIntoView({behavior: 'smooth'});\n
                            } else {\n
                                window.location.href = 'http://localhost#new-arrivals';\n
                            }\n
                        "\n
                        class="text-[#0d0d0d] dark:text-zinc-300 hover:text-[#18E299] transition-colors"\n
                    &gt;New Arrivals&lt;/a&gt;\n
                &lt;/li&gt;\n
                &lt;li&gt;\n
                    &lt;a\n
                        x-data\n
                        href="http://localhost#categories"\n
                        @click.prevent="\n
                            const homePath = new URL('http://localhost').pathname;\n
                            if (window.location.pathname === homePath) {\n
                                document.getElementById('categories').scrollIntoView({behavior: 'smooth'});\n
                            } else {\n
                                window.location.href = 'http://localhost#categories';\n
                            }\n
                        "\n
                        class="text-[#0d0d0d] dark:text-zinc-300 hover:text-[#18E299] transition-colors"\n
                    &gt;Categories&lt;/a&gt;\n
                &lt;/li&gt;\n
            &lt;/ul&gt;\n
        &lt;/div&gt;\n
\n
        \n
        &lt;div&gt;\n
            &lt;div class="text-[11px] font-mono text-[#0fa76e] dark:text-[#18E299] tracking-widest uppercase mb-4"&gt;\n
                Account\n
            &lt;/div&gt;\n
            &lt;ul class="space-y-2 text-[14px]"&gt;\n
                                                            &lt;li&gt;&lt;a href="http://localhost/mijn-profiel" class="text-[#0d0d0d] dark:text-zinc-300 hover:text-[#18E299] transition-colors" wire:navigate&gt;Edit Profile&lt;/a&gt;&lt;/li&gt;\n
                                                &lt;/ul&gt;\n
        &lt;/div&gt;\n
\n
        \n
        &lt;div&gt;\n
            &lt;div class="text-[11px] font-mono text-[#0fa76e] dark:text-[#18E299] tracking-widest uppercase mb-4"&gt;\n
                Support\n
            &lt;/div&gt;\n
            &lt;ul class="space-y-2 text-[14px]"&gt;\n
                &lt;li&gt;&lt;a href="http://localhost/contact" class="text-[#0d0d0d] dark:text-zinc-300 hover:text-[#18E299] transition-colors" wire:navigate&gt;Contact&lt;/a&gt;&lt;/li&gt;\n
                &lt;li&gt;&lt;a href="http://localhost/faq" class="text-[#0d0d0d] dark:text-zinc-300 hover:text-[#18E299] transition-colors" wire:navigate&gt;FAQ&lt;/a&gt;&lt;/li&gt;\n
                &lt;li&gt;&lt;a href="http://localhost/shipping-returns" class="text-[#0d0d0d] dark:text-zinc-300 hover:text-[#18E299] transition-colors" wire:navigate&gt;Shipping &amp;amp; Returns&lt;/a&gt;&lt;/li&gt;\n
            &lt;/ul&gt;\n
        &lt;/div&gt;\n
    &lt;/div&gt;\n
\n
    \n
    &lt;div class="border-t border-black/[0.05] dark:border-white/[0.05]"&gt;\n
        &lt;div class="max-w-[1200px] mx-auto px-6 py-6 flex flex-col sm:flex-row items-center justify-between gap-4 text-[12px] text-[#666666] dark:text-zinc-400"&gt;\n
            &lt;div&gt;&amp;copy; 2026 TechShop. All rights reserved.&lt;/div&gt;\n
\n
            \n
            &lt;div class="flex items-center gap-4"&gt;\n
                \n
                &lt;a href="https://github.com" target="_blank" rel="noopener noreferrer" aria-label="GitHub" class="text-[#999999] dark:text-zinc-500 hover:text-[#18E299] dark:hover:text-[#18E299] transition-colors"&gt;\n
                    &lt;svg xmlns="http://www.w3.org/2000/svg" width="18" height="18" viewBox="0 0 24 24" fill="none" stroke="currentColor" stroke-width="2" stroke-linecap="round" stroke-linejoin="round"&gt;\n
                        &lt;path d="M15 22v-4a4.8 4.8 0 0 0-1-3.5c3 0 6-2 6-5.5.08-1.25-.27-2.48-1-3.5.28-1.15.28-2.35 0-3.5 0 0-1 0-3 1.5-2.64-.5-5.36-.5-8 0C6 2 5 2 5 2c-.3 1.15-.3 2.35 0 3.5A5.403 5.403 0 0 0 4 9c0 3.5 3 5.5 6 5.5-.39.49-.68 1.05-.85 1.65-.17.6-.22 1.23-.15 1.85v4"/&gt;\n
                        &lt;path d="M9 18c-4.51 2-5-2-7-2"/&gt;\n
                    &lt;/svg&gt;\n
                &lt;/a&gt;\n
\n
                \n
                &lt;a href="https://x.com" target="_blank" rel="noopener noreferrer" aria-label="Twitter / X" class="text-[#999999] dark:text-zinc-500 hover:text-[#18E299] dark:hover:text-[#18E299] transition-colors"&gt;\n
                    &lt;svg xmlns="http://www.w3.org/2000/svg" width="16" height="16" viewBox="0 0 24 24" fill="currentColor"&gt;\n
                        &lt;path d="M18.244 2.25h3.308l-7.227 8.26 8.502 11.24H16.17l-4.714-6.231-5.401 6.231H2.746l7.73-8.835L1.254 2.25H8.08l4.259 5.632zm-1.161 17.52h1.833L7.084 4.126H5.117z"/&gt;\n
                    &lt;/svg&gt;\n
                &lt;/a&gt;\n
\n
                \n
                &lt;a href="https://instagram.com" target="_blank" rel="noopener noreferrer" aria-label="Instagram" class="text-[#999999] dark:text-zinc-500 hover:text-[#18E299] dark:hover:text-[#18E299] transition-colors"&gt;\n
                    &lt;svg xmlns="http://www.w3.org/2000/svg" width="18" height="18" viewBox="0 0 24 24" fill="none" stroke="currentColor" stroke-width="2" stroke-linecap="round" stroke-linejoin="round"&gt;\n
                        &lt;rect width="20" height="20" x="2" y="2" rx="5" ry="5"/&gt;\n
                        &lt;path d="M16 11.37A4 4 0 1 1 12.63 8 4 4 0 0 1 16 11.37z"/&gt;\n
                        &lt;line x1="17.5" x2="17.51" y1="6.5" y2="6.5"/&gt;\n
                    &lt;/svg&gt;\n
                &lt;/a&gt;\n
            &lt;/div&gt;\n
\n
            &lt;div class="font-mono tracking-widest uppercase"&gt;Built for creators&lt;/div&gt;\n
        &lt;/div&gt;\n
    &lt;/div&gt;\n
&lt;/footer&gt;\n
\n
    &lt;script src="http://localhost/flux/flux.js?id=497da1a7" data-navigate-once&gt;&lt;/script&gt;\n
&lt;!-- Livewire Scripts --&gt;\n
&lt;script src="http://localhost/livewire-e3fd0143/livewire.js?id=6b3709b1"   data-csrf="GhfCj1hS7wqR7ReVfRLpzdrGfKOlff3OXPIHUVMe" data-module-url="http://localhost/livewire-e3fd0143" data-update-uri="http://localhost/livewire-e3fd0143/update" data-navigate-once="true"&gt;&lt;/script&gt;\n
&lt;/body&gt;\n
&lt;/html&gt;\n
' [UTF-8](length: 31102) contains "000001" [ASCII](length: 6).
at vendor/laravel/framework/src/Illuminate/Testing/TestResponseAssert.php:45
at vendor/laravel/framework/src/Illuminate/Testing/TestResponse.php:711
at tests/Feature/OrderPolicyTest.php:46</failure>
      </testcase>
      <testcase name="user cannot see orders of another user on the my-orders page" file="tests/Feature/OrderPolicyTest.php::user cannot see orders of another user on the my-orders page" class="Tests\Feature\OrderPolicyTest" classname="Tests.Feature.OrderPolicyTest" assertions="2" time="0.027275"/>
      <testcase name="only admin can view all orders via viewAny policy" file="tests/Feature/OrderPolicyTest.php::only admin can view all orders via viewAny policy" class="Tests\Feature\OrderPolicyTest" classname="Tests.Feature.OrderPolicyTest" assertions="2" time="0.010326"/>
    </testsuite>
    <testsuite name="Tests\Feature\AdminRouteProtectionTest" file="tests/Feature/AdminRouteProtectionTest.php" tests="12" assertions="13" errors="0" failures="0" skipped="0" time="0.339243">
      <testcase name="guest is redirected to login for admin dashboard" file="tests/Feature/AdminRouteProtectionTest.php::guest is redirected to login for admin dashboard" class="Tests\Feature\AdminRouteProtectionTest" classname="Tests.Feature.AdminRouteProtectionTest" assertions="2" time="0.012091"/>
      <testcase name="non-admin user gets 403 on admin dashboard" file="tests/Feature/AdminRouteProtectionTest.php::non-admin user gets 403 on admin dashboard" class="Tests\Feature\AdminRouteProtectionTest" classname="Tests.Feature.AdminRouteProtectionTest" assertions="1" time="0.013225"/>
      <testcase name="admin user can access the dashboard" file="tests/Feature/AdminRouteProtectionTest.php::admin user can access the dashboard" class="Tests\Feature\AdminRouteProtectionTest" classname="Tests.Feature.AdminRouteProtectionTest" assertions="1" time="0.044443"/>
      <testcase name="non-admin user gets 403 on admin product manager" file="tests/Feature/AdminRouteProtectionTest.php::non-admin user gets 403 on admin product manager" class="Tests\Feature\AdminRouteProtectionTest" classname="Tests.Feature.AdminRouteProtectionTest" assertions="1" time="0.012702"/>
      <testcase name="non-admin user gets 403 on admin category manager" file="tests/Feature/AdminRouteProtectionTest.php::non-admin user gets 403 on admin category manager" class="Tests\Feature\AdminRouteProtectionTest" classname="Tests.Feature.AdminRouteProtectionTest" assertions="1" time="0.011380"/>
      <testcase name="non-admin user gets 403 on admin user manager" file="tests/Feature/AdminRouteProtectionTest.php::non-admin user gets 403 on admin user manager" class="Tests\Feature\AdminRouteProtectionTest" classname="Tests.Feature.AdminRouteProtectionTest" assertions="1" time="0.011094"/>
      <testcase name="non-admin user gets 403 on admin orders page" file="tests/Feature/AdminRouteProtectionTest.php::non-admin user gets 403 on admin orders page" class="Tests\Feature\AdminRouteProtectionTest" classname="Tests.Feature.AdminRouteProtectionTest" assertions="1" time="0.011595"/>
      <testsuite name="admin can access all dashboard routes" tests="5" assertions="5" errors="0" failures="0" skipped="0" time="0.222715">
        <testcase name="admin can access all dashboard routes with data set &quot;('dashboard')&quot;" file="tests/Feature/AdminRouteProtectionTest.php::admin can access all dashboard routes with data set &quot;('dashboard')&quot;" class="Tests\Feature\AdminRouteProtectionTest" classname="Tests.Feature.AdminRouteProtectionTest" assertions="1" time="0.050817"/>
        <testcase name="admin can access all dashboard routes with data set &quot;('dashboard.products')&quot;" file="tests/Feature/AdminRouteProtectionTest.php::admin can access all dashboard routes with data set &quot;('dashboard.products')&quot;" class="Tests\Feature\AdminRouteProtectionTest" classname="Tests.Feature.AdminRouteProtectionTest" assertions="1" time="0.055611"/>
        <testcase name="admin can access all dashboard routes with data set &quot;('dashboard.categories')&quot;" file="tests/Feature/AdminRouteProtectionTest.php::admin can access all dashboard routes with data set &quot;('dashboard.categories')&quot;" class="Tests\Feature\AdminRouteProtectionTest" classname="Tests.Feature.AdminRouteProtectionTest" assertions="1" time="0.045766"/>
        <testcase name="admin can access all dashboard routes with data set &quot;('dashboard.users')&quot;" file="tests/Feature/AdminRouteProtectionTest.php::admin can access all dashboard routes with data set &quot;('dashboard.users')&quot;" class="Tests\Feature\AdminRouteProtectionTest" classname="Tests.Feature.AdminRouteProtectionTest" assertions="1" time="0.037528"/>
        <testcase name="admin can access all dashboard routes with data set &quot;('dashboard.orders')&quot;" file="tests/Feature/AdminRouteProtectionTest.php::admin can access all dashboard routes with data set &quot;('dashboard.orders')&quot;" class="Tests\Feature\AdminRouteProtectionTest" classname="Tests.Feature.AdminRouteProtectionTest" assertions="1" time="0.032993"/>
      </testsuite>
    </testsuite>
    <testsuite name="Tests\Feature\AdminProductManagementTest" file="tests/Feature/AdminProductManagementTest.php" tests="5" assertions="14" errors="0" failures="0" skipped="0" time="0.072853">
      <testcase name="admin can create a product via action" file="tests/Feature/AdminProductManagementTest.php::admin can create a product via action" class="Tests\Feature\AdminProductManagementTest" classname="Tests.Feature.AdminProductManagementTest" assertions="6" time="0.010075"/>
      <testcase name="admin can create a product with an image" file="tests/Feature/AdminProductManagementTest.php::admin can create a product with an image" class="Tests\Feature\AdminProductManagementTest" classname="Tests.Feature.AdminProductManagementTest" assertions="2" time="0.027946"/>
      <testcase name="admin can update an existing product via action" file="tests/Feature/AdminProductManagementTest.php::admin can update an existing product via action" class="Tests\Feature\AdminProductManagementTest" classname="Tests.Feature.AdminProductManagementTest" assertions="3" time="0.013897"/>
      <testcase name="admin can soft delete a product" file="tests/Feature/AdminProductManagementTest.php::admin can soft delete a product" class="Tests\Feature\AdminProductManagementTest" classname="Tests.Feature.AdminProductManagementTest" assertions="2" time="0.011412"/>
      <testcase name="soft deleted product is excluded from default queries" file="tests/Feature/AdminProductManagementTest.php::soft deleted product is excluded from default queries" class="Tests\Feature\AdminProductManagementTest" classname="Tests.Feature.AdminProductManagementTest" assertions="1" time="0.009524"/>
    </testsuite>
    <testsuite name="Tests\Unit\CreateOrderActionTest" file="tests/Unit/CreateOrderActionTest.php" tests="4" assertions="9" errors="0" failures="0" skipped="0" time="0.045540">
      <testcase name="CreateOrderAction creates order with pending status" file="tests/Unit/CreateOrderActionTest.php::CreateOrderAction creates order with pending status" class="Tests\Unit\CreateOrderActionTest" classname="Tests.Unit.CreateOrderActionTest" assertions="2" time="0.011369"/>
      <testcase name="CreateOrderAction creates order items with correct snapshots" file="tests/Unit/CreateOrderActionTest.php::CreateOrderAction creates order items with correct snapshots" class="Tests\Unit\CreateOrderActionTest" classname="Tests.Unit.CreateOrderActionTest" assertions="5" time="0.012629"/>
      <testcase name="CreateOrderAction calculates total price correctly" file="tests/Unit/CreateOrderActionTest.php::CreateOrderAction calculates total price correctly" class="Tests\Unit\CreateOrderActionTest" classname="Tests.Unit.CreateOrderActionTest" assertions="1" time="0.011187"/>
      <testcase name="CreateOrderAction assigns correct user id" file="tests/Unit/CreateOrderActionTest.php::CreateOrderAction assigns correct user id" class="Tests\Unit\CreateOrderActionTest" classname="Tests.Unit.CreateOrderActionTest" assertions="1" time="0.010355"/>
    </testsuite>
    <testsuite name="Tests\Unit\ProductScopeTest" file="tests/Unit/ProductScopeTest.php" tests="8" assertions="13" errors="0" failures="0" skipped="0" time="0.083643">
      <testcase name="scopeAvailable returns only products with stock greater than zero" file="tests/Unit/ProductScopeTest.php::scopeAvailable returns only products with stock greater than zero" class="Tests\Unit\ProductScopeTest" classname="Tests.Unit.ProductScopeTest" assertions="2" time="0.011228"/>
      <testcase name="scopeAvailable excludes products with exactly zero stock" file="tests/Unit/ProductScopeTest.php::scopeAvailable excludes products with exactly zero stock" class="Tests\Unit\ProductScopeTest" classname="Tests.Unit.ProductScopeTest" assertions="2" time="0.010272"/>
      <testcase name="formattedPrice accessor returns European format with euro sign" file="tests/Unit/ProductScopeTest.php::formattedPrice accessor returns European format with euro sign" class="Tests\Unit\ProductScopeTest" classname="Tests.Unit.ProductScopeTest" assertions="1" time="0.009501"/>
      <testcase name="formattedPrice accessor handles single digit price" file="tests/Unit/ProductScopeTest.php::formattedPrice accessor handles single digit price" class="Tests\Unit\ProductScopeTest" classname="Tests.Unit.ProductScopeTest" assertions="1" time="0.008489"/>
      <testcase name="scopeSearch filters products by name" file="tests/Unit/ProductScopeTest.php::scopeSearch filters products by name" class="Tests\Unit\ProductScopeTest" classname="Tests.Unit.ProductScopeTest" assertions="2" time="0.014554"/>
      <testcase name="scopeSearch returns all products when search is empty" file="tests/Unit/ProductScopeTest.php::scopeSearch returns all products when search is empty" class="Tests\Unit\ProductScopeTest" classname="Tests.Unit.ProductScopeTest" assertions="1" time="0.009781"/>
      <testcase name="scopeInCategory filters products by category id" file="tests/Unit/ProductScopeTest.php::scopeInCategory filters products by category id" class="Tests\Unit\ProductScopeTest" classname="Tests.Unit.ProductScopeTest" assertions="2" time="0.010392"/>
      <testcase name="scopeInCategory filters products by category slug" file="tests/Unit/ProductScopeTest.php::scopeInCategory filters products by category slug" class="Tests\Unit\ProductScopeTest" classname="Tests.Unit.ProductScopeTest" assertions="2" time="0.009425"/>
    </testsuite>
  </testsuite>
</testsuites>
